
> locame@0.1.0 build
> next build

   Ôû▓ Next.js 15.1.0
   - Environments: .env.local, .env.production, .env

   Creating an optimized production build ...
node.exe :  ÔÜá 
Compiled with 
warnings
En línea: 1 
Carácter: 1
+ & "C:\Program File
s\nodejs/node.exe" 
"C:\Program Files\no
dejs/node_mo ...
+ ~~~~~~~~~~~~~~~~~~
~~~~~~~~~~~~~~~~~~~~
~~~~~~~~~~~~~~~~~~~~
~~~~~~~~~~~
    + CategoryInfo  
            : NotS  
  pecified: ( ÔÜá   
  Compiled with     
warnings:String    
) [], RemoteExc    
eption
    + FullyQualifie 
   dErrorId : Nati  
  veCommandError
 

./node_modules/bcryp
tjs/index.js
A Node.js module is 
loaded ('crypto' at 
line 32) which is 
not supported in 
the Edge Runtime.
Learn More: https://
nextjs.org/docs/mess
ages/node-module-in-
edge-runtime

Import trace for 
requested module:
./node_modules/bcryp
tjs/index.js
./src/lib/auth.ts

./node_modules/bcryp
tjs/index.js
A Node.js API is 
used (setImmediate 
at line: 335) which 
is not supported in 
the Edge Runtime.
Learn more: https://
nextjs.org/docs/api-
reference/edge-runti
me

Import trace for 
requested module:
./node_modules/bcryp
tjs/index.js
./src/lib/auth.ts

./node_modules/bcryp
tjs/index.js
A Node.js API is 
used (setImmediate 
at line: 336) which 
is not supported in 
the Edge Runtime.
Learn more: https://
nextjs.org/docs/api-
reference/edge-runti
me

Import trace for 
requested module:
./node_modules/bcryp
tjs/index.js
./src/lib/auth.ts

   Linting and checking validity of types ...

   We detected TypeScript in your project and reconfigured your tsconfig.json file for you.
   The following mandatory changes were made to your tsconfig.json:

   	- jsx was set to preserve (next.js implements its own optimized jsx transform)

   Collecting page data ...
STRIPE_SECRET_KEY 
is not defined in 
environment 
variables
Error: Neither 
apiKey nor config.au
thenticator provided
    at 
i._setAuthenticator 
(C:\Users\psola\OneD
rive\Documentos\AGEN
TES ANTIGRAVITY\LOCA
ME\.next\server\app\
api\webhooks\stripe\
route.js:48:82974)
    at new i (C:\Use
rs\psola\OneDrive\Do
cumentos\AGENTES ANT
IGRAVITY\LOCAME\.nex
t\server\app\api\web
hooks\stripe\route.j
s:48:81783)
    at 97884 (C:\Use
rs\psola\OneDrive\Do
cumentos\AGENTES ANT
IGRAVITY\LOCAME\.nex
t\server\app\api\web
hooks\stripe\route.j
s:48:85341)
    at t (C:\Users\p
sola\OneDrive\Docume
ntos\AGENTES ANTIGRA
VITY\LOCAME\.next\se
rver\webpack-runtime
.js:1:128)
    at 22174 (C:\Use
rs\psola\OneDrive\Do
cumentos\AGENTES ANT
IGRAVITY\LOCAME\.nex
t\server\app\api\web
hooks\stripe\route.j
s:1:1421)
    at t (C:\Users\p
sola\OneDrive\Docume
ntos\AGENTES ANTIGRA
VITY\LOCAME\.next\se
rver\webpack-runtime
.js:1:128)
    at r (C:\Users\p
sola\OneDrive\Docume
ntos\AGENTES ANTIGRA
VITY\LOCAME\.next\se
rver\app\api\webhook
s\stripe\route.js:48
:86271)
    at <unknown> (C:
\Users\psola\OneDriv
e\Documentos\AGENTES
 ANTIGRAVITY\LOCAME\
.next\server\app\api
\webhooks\stripe\rou
te.js:48:86298)
    at t.X (C:\Users
\psola\OneDrive\Docu
mentos\AGENTES ANTIG
RAVITY\LOCAME\.next\
server\webpack-runti
me.js:1:1206)
    at <unknown> (C:
\Users\psola\OneDriv
e\Documentos\AGENTES
 ANTIGRAVITY\LOCAME\
.next\server\app\api
\webhooks\stripe\rou
te.js:48:86284)

> Build error 
occurred
[Error: Failed to 
collect page data 
for /api/webhooks/st
ripe] {
  type: 'Error'
}
